<?xml version="1.0" encoding="UTF-8"?>
<!-- Generated by org.testng.reporters.JUnitXMLReporter -->
<testsuite ignored="0" hostname="LAPTOP-9ORMJ2BP" failures="0" tests="11" name="Test" time="0.526" errors="0" timestamp="2022-07-17T23:40:05 IST">
  <testcase classname="com.Estore.base.Baseclass" name="@BeforeClass browserlaunch" time="0.109">
    <failure type="java.lang.IllegalStateException" message="The driver executable must exist: G:\Estore\driver\chromedriver_103\chromedriver.exe">
      <![CDATA[java.lang.IllegalStateException: The driver executable must exist: G:\Estore\driver\chromedriver_103\chromedriver.exe
at org.openqa.selenium.internal.Require$FileStateChecker.isFile(Require.java:342)
at org.openqa.selenium.remote.service.DriverService.checkExecutable(DriverService.java:147)
at org.openqa.selenium.remote.service.DriverService.findExecutable(DriverService.java:142)
at org.openqa.selenium.chrome.ChromeDriverService.access$000(ChromeDriverService.java:39)
at org.openqa.selenium.chrome.ChromeDriverService$Builder.findDefaultExecutable(ChromeDriverService.java:233)
at org.openqa.selenium.remote.service.DriverService$Builder.build(DriverService.java:437)
at org.openqa.selenium.chrome.ChromeDriverService.createDefaultService(ChromeDriverService.java:128)
at org.openqa.selenium.chrome.ChromeDriver.<init>(ChromeDriver.java:49)
at com.Estore.base.Baseclass.browserlaunch(Baseclass.java:27)
at java.base/java.util.ArrayList.forEach(ArrayList.java:1511)
... Removed 25 stack frames]]>
    </failure>
  </testcase> <!-- @BeforeClass browserlaunch -->
  <testcase classname="com.Estore.base.Baseclass" name="@AfterClass browserclose" time="-1.658081404751E9">
    <skipped/>
  </testcase> <!-- @AfterClass browserclose -->
  <testcase classname="com.Estore.base.Baseclass" name="@BeforeClass browserlaunch" time="0.013">
    <failure type="java.lang.IllegalStateException" message="The driver executable must exist: G:\Estore\driver\chromedriver_103\chromedriver.exe">
      <![CDATA[java.lang.IllegalStateException: The driver executable must exist: G:\Estore\driver\chromedriver_103\chromedriver.exe
at org.openqa.selenium.internal.Require$FileStateChecker.isFile(Require.java:342)
at org.openqa.selenium.remote.service.DriverService.checkExecutable(DriverService.java:147)
at org.openqa.selenium.remote.service.DriverService.findExecutable(DriverService.java:142)
at org.openqa.selenium.chrome.ChromeDriverService.access$000(ChromeDriverService.java:39)
at org.openqa.selenium.chrome.ChromeDriverService$Builder.findDefaultExecutable(ChromeDriverService.java:233)
at org.openqa.selenium.remote.service.DriverService$Builder.build(DriverService.java:437)
at org.openqa.selenium.chrome.ChromeDriverService.createDefaultService(ChromeDriverService.java:128)
at org.openqa.selenium.chrome.ChromeDriver.<init>(ChromeDriver.java:49)
at com.Estore.base.Baseclass.browserlaunch(Baseclass.java:27)
at java.base/java.util.ArrayList.forEach(ArrayList.java:1511)
... Removed 25 stack frames]]>
    </failure>
  </testcase> <!-- @BeforeClass browserlaunch -->
  <testcase classname="com.Estore.base.Baseclass" name="@AfterClass browserclose" time="-1.658081404819E9">
    <skipped/>
  </testcase> <!-- @AfterClass browserclose -->
  <testcase classname="com.Estore.base.Baseclass" name="@BeforeClass browserlaunch" time="0.01">
    <failure type="java.lang.IllegalStateException" message="The driver executable must exist: G:\Estore\driver\chromedriver_103\chromedriver.exe">
      <![CDATA[java.lang.IllegalStateException: The driver executable must exist: G:\Estore\driver\chromedriver_103\chromedriver.exe
at org.openqa.selenium.internal.Require$FileStateChecker.isFile(Require.java:342)
at org.openqa.selenium.remote.service.DriverService.checkExecutable(DriverService.java:147)
at org.openqa.selenium.remote.service.DriverService.findExecutable(DriverService.java:142)
at org.openqa.selenium.chrome.ChromeDriverService.access$000(ChromeDriverService.java:39)
at org.openqa.selenium.chrome.ChromeDriverService$Builder.findDefaultExecutable(ChromeDriverService.java:233)
at org.openqa.selenium.remote.service.DriverService$Builder.build(DriverService.java:437)
at org.openqa.selenium.chrome.ChromeDriverService.createDefaultService(ChromeDriverService.java:128)
at org.openqa.selenium.chrome.ChromeDriver.<init>(ChromeDriver.java:49)
at com.Estore.base.Baseclass.browserlaunch(Baseclass.java:27)
at java.base/java.util.ArrayList.forEach(ArrayList.java:1511)
... Removed 25 stack frames]]>
    </failure>
  </testcase> <!-- @BeforeClass browserlaunch -->
  <testcase classname="com.Estore.base.Baseclass" name="@AfterClass browserclose" time="-1.658081404846E9">
    <skipped/>
  </testcase> <!-- @AfterClass browserclose -->
  <testcase classname="com.Estore.base.Baseclass" name="@BeforeClass browserlaunch" time="0.013">
    <failure type="java.lang.IllegalStateException" message="The driver executable must exist: G:\Estore\driver\chromedriver_103\chromedriver.exe">
      <![CDATA[java.lang.IllegalStateException: The driver executable must exist: G:\Estore\driver\chromedriver_103\chromedriver.exe
at org.openqa.selenium.internal.Require$FileStateChecker.isFile(Require.java:342)
at org.openqa.selenium.remote.service.DriverService.checkExecutable(DriverService.java:147)
at org.openqa.selenium.remote.service.DriverService.findExecutable(DriverService.java:142)
at org.openqa.selenium.chrome.ChromeDriverService.access$000(ChromeDriverService.java:39)
at org.openqa.selenium.chrome.ChromeDriverService$Builder.findDefaultExecutable(ChromeDriverService.java:233)
at org.openqa.selenium.remote.service.DriverService$Builder.build(DriverService.java:437)
at org.openqa.selenium.chrome.ChromeDriverService.createDefaultService(ChromeDriverService.java:128)
at org.openqa.selenium.chrome.ChromeDriver.<init>(ChromeDriver.java:49)
at com.Estore.base.Baseclass.browserlaunch(Baseclass.java:27)
at java.base/java.util.ArrayList.forEach(ArrayList.java:1511)
... Removed 25 stack frames]]>
    </failure>
  </testcase> <!-- @BeforeClass browserlaunch -->
  <testcase classname="com.Estore.base.Baseclass" name="@AfterClass browserclose" time="-1.658081404885E9">
    <skipped/>
  </testcase> <!-- @AfterClass browserclose -->
  <testcase classname="com.Estore.base.Baseclass" name="@BeforeClass browserlaunch" time="0.017">
    <failure type="java.lang.IllegalStateException" message="The driver executable must exist: G:\Estore\driver\chromedriver_103\chromedriver.exe">
      <![CDATA[java.lang.IllegalStateException: The driver executable must exist: G:\Estore\driver\chromedriver_103\chromedriver.exe
at org.openqa.selenium.internal.Require$FileStateChecker.isFile(Require.java:342)
at org.openqa.selenium.remote.service.DriverService.checkExecutable(DriverService.java:147)
at org.openqa.selenium.remote.service.DriverService.findExecutable(DriverService.java:142)
at org.openqa.selenium.chrome.ChromeDriverService.access$000(ChromeDriverService.java:39)
at org.openqa.selenium.chrome.ChromeDriverService$Builder.findDefaultExecutable(ChromeDriverService.java:233)
at org.openqa.selenium.remote.service.DriverService$Builder.build(DriverService.java:437)
at org.openqa.selenium.chrome.ChromeDriverService.createDefaultService(ChromeDriverService.java:128)
at org.openqa.selenium.chrome.ChromeDriver.<init>(ChromeDriver.java:49)
at com.Estore.base.Baseclass.browserlaunch(Baseclass.java:27)
at java.base/java.util.ArrayList.forEach(ArrayList.java:1511)
... Removed 25 stack frames]]>
    </failure>
  </testcase> <!-- @BeforeClass browserlaunch -->
  <testcase classname="com.Estore.base.Baseclass" name="@AfterClass browserclose" time="-1.658081404928E9">
    <skipped/>
  </testcase> <!-- @AfterClass browserclose -->
  <testcase classname="com.Estore.base.Baseclass" name="@BeforeClass browserlaunch" time="0.018">
    <failure type="java.lang.IllegalStateException" message="The driver executable must exist: G:\Estore\driver\chromedriver_103\chromedriver.exe">
      <![CDATA[java.lang.IllegalStateException: The driver executable must exist: G:\Estore\driver\chromedriver_103\chromedriver.exe
at org.openqa.selenium.internal.Require$FileStateChecker.isFile(Require.java:342)
at org.openqa.selenium.remote.service.DriverService.checkExecutable(DriverService.java:147)
at org.openqa.selenium.remote.service.DriverService.findExecutable(DriverService.java:142)
at org.openqa.selenium.chrome.ChromeDriverService.access$000(ChromeDriverService.java:39)
at org.openqa.selenium.chrome.ChromeDriverService$Builder.findDefaultExecutable(ChromeDriverService.java:233)
at org.openqa.selenium.remote.service.DriverService$Builder.build(DriverService.java:437)
at org.openqa.selenium.chrome.ChromeDriverService.createDefaultService(ChromeDriverService.java:128)
at org.openqa.selenium.chrome.ChromeDriver.<init>(ChromeDriver.java:49)
at com.Estore.base.Baseclass.browserlaunch(Baseclass.java:27)
at java.base/java.util.ArrayList.forEach(ArrayList.java:1511)
... Removed 25 stack frames]]>
    </failure>
  </testcase> <!-- @BeforeClass browserlaunch -->
  <testcase classname="com.Estore.base.Baseclass" name="@AfterClass browserclose" time="-1.65808140497E9">
    <skipped/>
  </testcase> <!-- @AfterClass browserclose -->
  <testcase classname="com.Estore.base.Baseclass" name="@BeforeClass browserlaunch" time="0.018">
    <failure type="java.lang.IllegalStateException" message="The driver executable must exist: G:\Estore\driver\chromedriver_103\chromedriver.exe">
      <![CDATA[java.lang.IllegalStateException: The driver executable must exist: G:\Estore\driver\chromedriver_103\chromedriver.exe
at org.openqa.selenium.internal.Require$FileStateChecker.isFile(Require.java:342)
at org.openqa.selenium.remote.service.DriverService.checkExecutable(DriverService.java:147)
at org.openqa.selenium.remote.service.DriverService.findExecutable(DriverService.java:142)
at org.openqa.selenium.chrome.ChromeDriverService.access$000(ChromeDriverService.java:39)
at org.openqa.selenium.chrome.ChromeDriverService$Builder.findDefaultExecutable(ChromeDriverService.java:233)
at org.openqa.selenium.remote.service.DriverService$Builder.build(DriverService.java:437)
at org.openqa.selenium.chrome.ChromeDriverService.createDefaultService(ChromeDriverService.java:128)
at org.openqa.selenium.chrome.ChromeDriver.<init>(ChromeDriver.java:49)
at com.Estore.base.Baseclass.browserlaunch(Baseclass.java:27)
at java.base/java.util.ArrayList.forEach(ArrayList.java:1511)
... Removed 25 stack frames]]>
    </failure>
  </testcase> <!-- @BeforeClass browserlaunch -->
  <testcase classname="com.Estore.base.Baseclass" name="@AfterClass browserclose" time="-1.658081405007E9">
    <skipped/>
  </testcase> <!-- @AfterClass browserclose -->
  <testcase classname="com.Estore.base.Baseclass" name="@BeforeClass browserlaunch" time="0.011">
    <failure type="java.lang.IllegalStateException" message="The driver executable must exist: G:\Estore\driver\chromedriver_103\chromedriver.exe">
      <![CDATA[java.lang.IllegalStateException: The driver executable must exist: G:\Estore\driver\chromedriver_103\chromedriver.exe
at org.openqa.selenium.internal.Require$FileStateChecker.isFile(Require.java:342)
at org.openqa.selenium.remote.service.DriverService.checkExecutable(DriverService.java:147)
at org.openqa.selenium.remote.service.DriverService.findExecutable(DriverService.java:142)
at org.openqa.selenium.chrome.ChromeDriverService.access$000(ChromeDriverService.java:39)
at org.openqa.selenium.chrome.ChromeDriverService$Builder.findDefaultExecutable(ChromeDriverService.java:233)
at org.openqa.selenium.remote.service.DriverService$Builder.build(DriverService.java:437)
at org.openqa.selenium.chrome.ChromeDriverService.createDefaultService(ChromeDriverService.java:128)
at org.openqa.selenium.chrome.ChromeDriver.<init>(ChromeDriver.java:49)
at com.Estore.base.Baseclass.browserlaunch(Baseclass.java:27)
at java.base/java.util.ArrayList.forEach(ArrayList.java:1511)
... Removed 25 stack frames]]>
    </failure>
  </testcase> <!-- @BeforeClass browserlaunch -->
  <testcase classname="com.Estore.base.Baseclass" name="@AfterClass browserclose" time="-1.658081405027E9">
    <skipped/>
  </testcase> <!-- @AfterClass browserclose -->
  <testcase classname="com.Estore.testclass.IndexPageTest" name="verifyLogo" time="0.0">
    <skipped/>
  </testcase> <!-- verifyLogo -->
  <testcase classname="com.Estore.testclass.IndexPageTest" name="verifyTitle" time="0.0">
    <skipped/>
  </testcase> <!-- verifyTitle -->
  <testcase classname="com.Estore.testclass.OrderPageTest" name="verifyTotalPrice" time="0.0">
    <skipped/>
  </testcase> <!-- verifyTotalPrice -->
  <testcase classname="com.Estore.testclass.LoginPageTest" name="loginTest" time="0.0">
    <skipped/>
  </testcase> <!-- loginTest -->
  <testcase classname="com.Estore.testclass.EndToEndTest" name="endToEndTest" time="0.0">
    <skipped/>
  </testcase> <!-- endToEndTest -->
  <testcase classname="com.Estore.testclass.SearchResultPageTest" name="productAvailabilityTest" time="0.0">
    <skipped/>
  </testcase> <!-- productAvailabilityTest -->
  <testcase classname="com.Estore.testclass.HomePageTest" name="orderHistoryandDetailsTest" time="0.0">
    <skipped/>
  </testcase> <!-- orderHistoryandDetailsTest -->
  <testcase classname="com.Estore.testclass.HomePageTest" name="wishListTest" time="0.0">
    <skipped/>
  </testcase> <!-- wishListTest -->
  <testcase classname="com.Estore.testclass.AccountCreationPageTest" name="createAccountTest" time="0.0">
    <skipped/>
  </testcase> <!-- createAccountTest -->
  <testcase classname="com.Estore.testclass.AccountCreationPageTest" name="verifyCreateAccountPageTest" time="0.0">
    <skipped/>
  </testcase> <!-- verifyCreateAccountPageTest -->
  <testcase classname="com.Estore.testclass.AddToCartPageTest" name="addToCartTest" time="0.0">
    <skipped/>
  </testcase> <!-- addToCartTest -->
</testsuite> <!-- Test -->
